<?xml version="1.0" encoding="UTF-8"?>
<!-- Generated by org.testng.reporters.JUnitReportReporter -->
<testsuite hostname="DESKTOP-M03O496" failures="0" tests="1" name="TestLayer.UserRegistrationTest" time="1.579" errors="0" timestamp="2023-12-28T22:56:17 IST" skipped="0">
  <testcase classname="TestLayer.UserRegistrationTest" name="verifyPostIndiaRegPage" time="1.579"/>
  <system-out/>
</testsuite> <!-- TestLayer.UserRegistrationTest -->
